This is pdfTeX, Version 3.14159265-2.6-1.40.18 (TeX Live 2017/Debian) (preloaded format=pdflatex 2019.10.18)  31 MAR 2020 22:44
entering extended mode
 restricted \write18 enabled.
 %&-line parsing enabled.
**raport.tex
(./raport.tex
LaTeX2e <2017-04-15>
Babel <3.18> and hyphenation patterns for 6 language(s) loaded.
(/usr/share/texlive/texmf-dist/tex/latex/base/article.cls
Document Class: article 2014/09/29 v1.4h Standard LaTeX document class
(/usr/share/texlive/texmf-dist/tex/latex/base/size11.clo
File: size11.clo 2014/09/29 v1.4h Standard LaTeX file (size option)
)
\c@part=\count79
\c@section=\count80
\c@subsection=\count81
\c@subsubsection=\count82
\c@paragraph=\count83
\c@subparagraph=\count84
\c@figure=\count85
\c@table=\count86
\abovecaptionskip=\skip41
\belowcaptionskip=\skip42
\bibindent=\dimen102
)
(/usr/share/texlive/texmf-dist/tex/latex/geometry/geometry.sty
Package: geometry 2010/09/12 v5.6 Page Geometry

(/usr/share/texlive/texmf-dist/tex/latex/graphics/keyval.sty
Package: keyval 2014/10/28 v1.15 key=value parser (DPC)
\KV@toks@=\toks14
)
(/usr/share/texlive/texmf-dist/tex/generic/oberdiek/ifpdf.sty
Package: ifpdf 2017/03/15 v3.2 Provides the ifpdf switch
)
(/usr/share/texlive/texmf-dist/tex/generic/oberdiek/ifvtex.sty
Package: ifvtex 2016/05/16 v1.6 Detect VTeX and its facilities (HO)
Package ifvtex Info: VTeX not detected.
)
(/usr/share/texlive/texmf-dist/tex/generic/ifxetex/ifxetex.sty
Package: ifxetex 2010/09/12 v0.6 Provides ifxetex conditional
)
\Gm@cnth=\count87
\Gm@cntv=\count88
\c@Gm@tempcnt=\count89
\Gm@bindingoffset=\dimen103
\Gm@wd@mp=\dimen104
\Gm@odd@mp=\dimen105
\Gm@even@mp=\dimen106
\Gm@layoutwidth=\dimen107
\Gm@layoutheight=\dimen108
\Gm@layouthoffset=\dimen109
\Gm@layoutvoffset=\dimen110
\Gm@dimlist=\toks15
)
(/usr/share/texlive/texmf-dist/tex/latex/polski/polski.sty
Package: polski 2017/05/04 v1.3.4 Polish language package

   Switching to Polish text encoding and Polish maths fonts.
(/usr/share/texlive/texmf-dist/tex/latex/base/ot4enc.def
File: ot4enc.def 2017/04/05 v2.0i Standard LaTeX file
)
LaTeX Font Info:    Try loading font information for OT4+cmr on input line 360.


(/usr/share/texlive/texmf-dist/tex/latex/polski/ot4cmr.fd
File: ot4cmr.fd 2008/02/24 v1.2.1 Font defs for fonts PL (MW)
)
LaTeX Font Info:    Overwriting math alphabet `\mathbf' in version `normal'
(Font)                  OT1/cmr/bx/n --> OT4/cmr/bx/n on input line 360.
LaTeX Font Info:    Overwriting math alphabet `\mathsf' in version `normal'
(Font)                  OT1/cmss/m/n --> OT4/cmss/m/n on input line 360.
LaTeX Font Info:    Overwriting math alphabet `\mathit' in version `normal'
(Font)                  OT1/cmr/m/it --> OT4/cmr/m/it on input line 360.
LaTeX Font Info:    Overwriting math alphabet `\mathtt' in version `normal'
(Font)                  OT1/cmtt/m/n --> OT4/cmtt/m/n on input line 360.
LaTeX Font Info:    Overwriting math alphabet `\mathsf' in version `bold'
(Font)                  OT1/cmss/bx/n --> OT4/cmss/bx/n on input line 360.
LaTeX Font Info:    Overwriting math alphabet `\mathit' in version `bold'
(Font)                  OT1/cmr/bx/it --> OT4/cmr/bx/it on input line 360.
LaTeX Font Info:    Encoding `OT1' has changed to `OT4' for symbol font
(Font)              `operators' in the math version `normal' on input line 360.

LaTeX Font Info:    Overwriting symbol font `operators' in version `normal'
(Font)                  OT1/cmr/m/n --> OT4/cmr/m/n on input line 360.
LaTeX Font Info:    Overwriting symbol font `letters' in version `normal'
(Font)                  OML/cmm/m/it --> OML/plm/m/it on input line 360.
LaTeX Font Info:    Overwriting symbol font `symbols' in version `normal'
(Font)                  OMS/cmsy/m/n --> OMS/plsy/m/n on input line 360.
LaTeX Font Info:    Overwriting symbol font `largesymbols' in version `normal'
(Font)                  OMX/cmex/m/n --> OMX/plex/m/n on input line 360.
LaTeX Font Info:    Encoding `OT1' has changed to `OT4' for symbol font
(Font)              `operators' in the math version `bold' on input line 360.
LaTeX Font Info:    Overwriting symbol font `operators' in version `bold'
(Font)                  OT1/cmr/bx/n --> OT4/cmr/bx/n on input line 360.
LaTeX Font Info:    Overwriting symbol font `letters' in version `bold'
(Font)                  OML/cmm/b/it --> OML/plm/b/it on input line 360.
LaTeX Font Info:    Overwriting symbol font `symbols' in version `bold'
(Font)                  OMS/cmsy/b/n --> OMS/plsy/b/n on input line 360.
)
(/usr/share/texlive/texmf-dist/tex/latex/amsfonts/amssymb.sty
Package: amssymb 2013/01/14 v3.01 AMS font symbols

(/usr/share/texlive/texmf-dist/tex/latex/amsfonts/amsfonts.sty
Package: amsfonts 2013/01/14 v3.01 Basic AMSFonts support
\@emptytoks=\toks16
\symAMSa=\mathgroup4
\symAMSb=\mathgroup5
LaTeX Font Info:    Overwriting math alphabet `\mathfrak' in version `bold'
(Font)                  U/euf/m/n --> U/euf/b/n on input line 106.
))
(/usr/share/texlive/texmf-dist/tex/latex/base/inputenc.sty
Package: inputenc 2015/03/17 v1.2c Input encoding file
\inpenc@prehook=\toks17
\inpenc@posthook=\toks18

(/usr/share/texlive/texmf-dist/tex/latex/base/utf8.def
File: utf8.def 2017/01/28 v1.1t UTF-8 support for inputenc
Now handling font encoding OML ...
... no UTF-8 mapping file for font encoding OML
Now handling font encoding T1 ...
... processing UTF-8 mapping file for font encoding T1

(/usr/share/texlive/texmf-dist/tex/latex/base/t1enc.dfu
File: t1enc.dfu 2017/01/28 v1.1t UTF-8 support for inputenc
   defining Unicode char U+00A0 (decimal 160)
   defining Unicode char U+00A1 (decimal 161)
   defining Unicode char U+00A3 (decimal 163)
   defining Unicode char U+00AB (decimal 171)
   defining Unicode char U+00AD (decimal 173)
   defining Unicode char U+00BB (decimal 187)
   defining Unicode char U+00BF (decimal 191)
   defining Unicode char U+00C0 (decimal 192)
   defining Unicode char U+00C1 (decimal 193)
   defining Unicode char U+00C2 (decimal 194)
   defining Unicode char U+00C3 (decimal 195)
   defining Unicode char U+00C4 (decimal 196)
   defining Unicode char U+00C5 (decimal 197)
   defining Unicode char U+00C6 (decimal 198)
   defining Unicode char U+00C7 (decimal 199)
   defining Unicode char U+00C8 (decimal 200)
   defining Unicode char U+00C9 (decimal 201)
   defining Unicode char U+00CA (decimal 202)
   defining Unicode char U+00CB (decimal 203)
   defining Unicode char U+00CC (decimal 204)
   defining Unicode char U+00CD (decimal 205)
   defining Unicode char U+00CE (decimal 206)
   defining Unicode char U+00CF (decimal 207)
   defining Unicode char U+00D0 (decimal 208)
   defining Unicode char U+00D1 (decimal 209)
   defining Unicode char U+00D2 (decimal 210)
   defining Unicode char U+00D3 (decimal 211)
   defining Unicode char U+00D4 (decimal 212)
   defining Unicode char U+00D5 (decimal 213)
   defining Unicode char U+00D6 (decimal 214)
   defining Unicode char U+00D8 (decimal 216)
   defining Unicode char U+00D9 (decimal 217)
   defining Unicode char U+00DA (decimal 218)
   defining Unicode char U+00DB (decimal 219)
   defining Unicode char U+00DC (decimal 220)
   defining Unicode char U+00DD (decimal 221)
   defining Unicode char U+00DE (decimal 222)
   defining Unicode char U+00DF (decimal 223)
   defining Unicode char U+00E0 (decimal 224)
   defining Unicode char U+00E1 (decimal 225)
   defining Unicode char U+00E2 (decimal 226)
   defining Unicode char U+00E3 (decimal 227)
   defining Unicode char U+00E4 (decimal 228)
   defining Unicode char U+00E5 (decimal 229)
   defining Unicode char U+00E6 (decimal 230)
   defining Unicode char U+00E7 (decimal 231)
   defining Unicode char U+00E8 (decimal 232)
   defining Unicode char U+00E9 (decimal 233)
   defining Unicode char U+00EA (decimal 234)
   defining Unicode char U+00EB (decimal 235)
   defining Unicode char U+00EC (decimal 236)
   defining Unicode char U+00ED (decimal 237)
   defining Unicode char U+00EE (decimal 238)
   defining Unicode char U+00EF (decimal 239)
   defining Unicode char U+00F0 (decimal 240)
   defining Unicode char U+00F1 (decimal 241)
   defining Unicode char U+00F2 (decimal 242)
   defining Unicode char U+00F3 (decimal 243)
   defining Unicode char U+00F4 (decimal 244)
   defining Unicode char U+00F5 (decimal 245)
   defining Unicode char U+00F6 (decimal 246)
   defining Unicode char U+00F8 (decimal 248)
   defining Unicode char U+00F9 (decimal 249)
   defining Unicode char U+00FA (decimal 250)
   defining Unicode char U+00FB (decimal 251)
   defining Unicode char U+00FC (decimal 252)
   defining Unicode char U+00FD (decimal 253)
   defining Unicode char U+00FE (decimal 254)
   defining Unicode char U+00FF (decimal 255)
   defining Unicode char U+0100 (decimal 256)
   defining Unicode char U+0101 (decimal 257)
   defining Unicode char U+0102 (decimal 258)
   defining Unicode char U+0103 (decimal 259)
   defining Unicode char U+0104 (decimal 260)
   defining Unicode char U+0105 (decimal 261)
   defining Unicode char U+0106 (decimal 262)
   defining Unicode char U+0107 (decimal 263)
   defining Unicode char U+0108 (decimal 264)
   defining Unicode char U+0109 (decimal 265)
   defining Unicode char U+010A (decimal 266)
   defining Unicode char U+010B (decimal 267)
   defining Unicode char U+010C (decimal 268)
   defining Unicode char U+010D (decimal 269)
   defining Unicode char U+010E (decimal 270)
   defining Unicode char U+010F (decimal 271)
   defining Unicode char U+0110 (decimal 272)
   defining Unicode char U+0111 (decimal 273)
   defining Unicode char U+0112 (decimal 274)
   defining Unicode char U+0113 (decimal 275)
   defining Unicode char U+0114 (decimal 276)
   defining Unicode char U+0115 (decimal 277)
   defining Unicode char U+0116 (decimal 278)
   defining Unicode char U+0117 (decimal 279)
   defining Unicode char U+0118 (decimal 280)
   defining Unicode char U+0119 (decimal 281)
   defining Unicode char U+011A (decimal 282)
   defining Unicode char U+011B (decimal 283)
   defining Unicode char U+011C (decimal 284)
   defining Unicode char U+011D (decimal 285)
   defining Unicode char U+011E (decimal 286)
   defining Unicode char U+011F (decimal 287)
   defining Unicode char U+0120 (decimal 288)
   defining Unicode char U+0121 (decimal 289)
   defining Unicode char U+0122 (decimal 290)
   defining Unicode char U+0123 (decimal 291)
   defining Unicode char U+0124 (decimal 292)
   defining Unicode char U+0125 (decimal 293)
   defining Unicode char U+0128 (decimal 296)
   defining Unicode char U+0129 (decimal 297)
   defining Unicode char U+012A (decimal 298)
   defining Unicode char U+012B (decimal 299)
   defining Unicode char U+012C (decimal 300)
   defining Unicode char U+012D (decimal 301)
   defining Unicode char U+012E (decimal 302)
   defining Unicode char U+012F (decimal 303)
   defining Unicode char U+0130 (decimal 304)
   defining Unicode char U+0131 (decimal 305)
   defining Unicode char U+0132 (decimal 306)
   defining Unicode char U+0133 (decimal 307)
   defining Unicode char U+0134 (decimal 308)
   defining Unicode char U+0135 (decimal 309)
   defining Unicode char U+0136 (decimal 310)
   defining Unicode char U+0137 (decimal 311)
   defining Unicode char U+0139 (decimal 313)
   defining Unicode char U+013A (decimal 314)
   defining Unicode char U+013B (decimal 315)
   defining Unicode char U+013C (decimal 316)
   defining Unicode char U+013D (decimal 317)
   defining Unicode char U+013E (decimal 318)
   defining Unicode char U+0141 (decimal 321)
   defining Unicode char U+0142 (decimal 322)
   defining Unicode char U+0143 (decimal 323)
   defining Unicode char U+0144 (decimal 324)
   defining Unicode char U+0145 (decimal 325)
   defining Unicode char U+0146 (decimal 326)
   defining Unicode char U+0147 (decimal 327)
   defining Unicode char U+0148 (decimal 328)
   defining Unicode char U+014A (decimal 330)
   defining Unicode char U+014B (decimal 331)
   defining Unicode char U+014C (decimal 332)
   defining Unicode char U+014D (decimal 333)
   defining Unicode char U+014E (decimal 334)
   defining Unicode char U+014F (decimal 335)
   defining Unicode char U+0150 (decimal 336)
   defining Unicode char U+0151 (decimal 337)
   defining Unicode char U+0152 (decimal 338)
   defining Unicode char U+0153 (decimal 339)
   defining Unicode char U+0154 (decimal 340)
   defining Unicode char U+0155 (decimal 341)
   defining Unicode char U+0156 (decimal 342)
   defining Unicode char U+0157 (decimal 343)
   defining Unicode char U+0158 (decimal 344)
   defining Unicode char U+0159 (decimal 345)
   defining Unicode char U+015A (decimal 346)
   defining Unicode char U+015B (decimal 347)
   defining Unicode char U+015C (decimal 348)
   defining Unicode char U+015D (decimal 349)
   defining Unicode char U+015E (decimal 350)
   defining Unicode char U+015F (decimal 351)
   defining Unicode char U+0160 (decimal 352)
   defining Unicode char U+0161 (decimal 353)
   defining Unicode char U+0162 (decimal 354)
   defining Unicode char U+0163 (decimal 355)
   defining Unicode char U+0164 (decimal 356)
   defining Unicode char U+0165 (decimal 357)
   defining Unicode char U+0168 (decimal 360)
   defining Unicode char U+0169 (decimal 361)
   defining Unicode char U+016A (decimal 362)
   defining Unicode char U+016B (decimal 363)
   defining Unicode char U+016C (decimal 364)
   defining Unicode char U+016D (decimal 365)
   defining Unicode char U+016E (decimal 366)
   defining Unicode char U+016F (decimal 367)
   defining Unicode char U+0170 (decimal 368)
   defining Unicode char U+0171 (decimal 369)
   defining Unicode char U+0172 (decimal 370)
   defining Unicode char U+0173 (decimal 371)
   defining Unicode char U+0174 (decimal 372)
   defining Unicode char U+0175 (decimal 373)
   defining Unicode char U+0176 (decimal 374)
   defining Unicode char U+0177 (decimal 375)
   defining Unicode char U+0178 (decimal 376)
   defining Unicode char U+0179 (decimal 377)
   defining Unicode char U+017A (decimal 378)
   defining Unicode char U+017B (decimal 379)
   defining Unicode char U+017C (decimal 380)
   defining Unicode char U+017D (decimal 381)
   defining Unicode char U+017E (decimal 382)
   defining Unicode char U+01CD (decimal 461)
   defining Unicode char U+01CE (decimal 462)
   defining Unicode char U+01CF (decimal 463)
   defining Unicode char U+01D0 (decimal 464)
   defining Unicode char U+01D1 (decimal 465)
   defining Unicode char U+01D2 (decimal 466)
   defining Unicode char U+01D3 (decimal 467)
   defining Unicode char U+01D4 (decimal 468)
   defining Unicode char U+01E2 (decimal 482)
   defining Unicode char U+01E3 (decimal 483)
   defining Unicode char U+01E6 (decimal 486)
   defining Unicode char U+01E7 (decimal 487)
   defining Unicode char U+01E8 (decimal 488)
   defining Unicode char U+01E9 (decimal 489)
   defining Unicode char U+01EA (decimal 490)
   defining Unicode char U+01EB (decimal 491)
   defining Unicode char U+01F0 (decimal 496)
   defining Unicode char U+01F4 (decimal 500)
   defining Unicode char U+01F5 (decimal 501)
   defining Unicode char U+0218 (decimal 536)
   defining Unicode char U+0219 (decimal 537)
   defining Unicode char U+021A (decimal 538)
   defining Unicode char U+021B (decimal 539)
   defining Unicode char U+0232 (decimal 562)
   defining Unicode char U+0233 (decimal 563)
   defining Unicode char U+1E02 (decimal 7682)
   defining Unicode char U+1E03 (decimal 7683)
   defining Unicode char U+200C (decimal 8204)
   defining Unicode char U+2010 (decimal 8208)
   defining Unicode char U+2011 (decimal 8209)
   defining Unicode char U+2012 (decimal 8210)
   defining Unicode char U+2013 (decimal 8211)
   defining Unicode char U+2014 (decimal 8212)
   defining Unicode char U+2015 (decimal 8213)
   defining Unicode char U+2018 (decimal 8216)
   defining Unicode char U+2019 (decimal 8217)
   defining Unicode char U+201A (decimal 8218)
   defining Unicode char U+201C (decimal 8220)
   defining Unicode char U+201D (decimal 8221)
   defining Unicode char U+201E (decimal 8222)
   defining Unicode char U+2030 (decimal 8240)
   defining Unicode char U+2031 (decimal 8241)
   defining Unicode char U+2039 (decimal 8249)
   defining Unicode char U+203A (decimal 8250)
   defining Unicode char U+2423 (decimal 9251)
   defining Unicode char U+1E20 (decimal 7712)
   defining Unicode char U+1E21 (decimal 7713)
)
Now handling font encoding OT1 ...
... processing UTF-8 mapping file for font encoding OT1

(/usr/share/texlive/texmf-dist/tex/latex/base/ot1enc.dfu
File: ot1enc.dfu 2017/01/28 v1.1t UTF-8 support for inputenc
   defining Unicode char U+00A0 (decimal 160)
   defining Unicode char U+00A1 (decimal 161)
   defining Unicode char U+00A3 (decimal 163)
   defining Unicode char U+00AD (decimal 173)
   defining Unicode char U+00B8 (decimal 184)
   defining Unicode char U+00BF (decimal 191)
   defining Unicode char U+00C5 (decimal 197)
   defining Unicode char U+00C6 (decimal 198)
   defining Unicode char U+00D8 (decimal 216)
   defining Unicode char U+00DF (decimal 223)
   defining Unicode char U+00E6 (decimal 230)
   defining Unicode char U+00EC (decimal 236)
   defining Unicode char U+00ED (decimal 237)
   defining Unicode char U+00EE (decimal 238)
   defining Unicode char U+00EF (decimal 239)
   defining Unicode char U+00F8 (decimal 248)
   defining Unicode char U+0131 (decimal 305)
   defining Unicode char U+0141 (decimal 321)
   defining Unicode char U+0142 (decimal 322)
   defining Unicode char U+0152 (decimal 338)
   defining Unicode char U+0153 (decimal 339)
   defining Unicode char U+0174 (decimal 372)
   defining Unicode char U+0175 (decimal 373)
   defining Unicode char U+0176 (decimal 374)
   defining Unicode char U+0177 (decimal 375)
   defining Unicode char U+0218 (decimal 536)
   defining Unicode char U+0219 (decimal 537)
   defining Unicode char U+021A (decimal 538)
   defining Unicode char U+021B (decimal 539)
   defining Unicode char U+2013 (decimal 8211)
   defining Unicode char U+2014 (decimal 8212)
   defining Unicode char U+2018 (decimal 8216)
   defining Unicode char U+2019 (decimal 8217)
   defining Unicode char U+201C (decimal 8220)
   defining Unicode char U+201D (decimal 8221)
)
Now handling font encoding OMS ...
... processing UTF-8 mapping file for font encoding OMS

(/usr/share/texlive/texmf-dist/tex/latex/base/omsenc.dfu
File: omsenc.dfu 2017/01/28 v1.1t UTF-8 support for inputenc
   defining Unicode char U+00A7 (decimal 167)
   defining Unicode char U+00B6 (decimal 182)
   defining Unicode char U+00B7 (decimal 183)
   defining Unicode char U+2020 (decimal 8224)
   defining Unicode char U+2021 (decimal 8225)
   defining Unicode char U+2022 (decimal 8226)
)
Now handling font encoding OMX ...
... no UTF-8 mapping file for font encoding OMX
Now handling font encoding U ...
... no UTF-8 mapping file for font encoding U
Now handling font encoding OT4 ...
... no UTF-8 mapping file for font encoding OT4
   defining Unicode char U+00A9 (decimal 169)
   defining Unicode char U+00AA (decimal 170)
   defining Unicode char U+00AE (decimal 174)
   defining Unicode char U+00BA (decimal 186)
   defining Unicode char U+02C6 (decimal 710)
   defining Unicode char U+02DC (decimal 732)
   defining Unicode char U+200C (decimal 8204)
   defining Unicode char U+2026 (decimal 8230)
   defining Unicode char U+2122 (decimal 8482)
   defining Unicode char U+2423 (decimal 9251)
))
(/usr/share/texlive/texmf-dist/tex/latex/base/latexsym.sty
! Undefined control sequence.
\GenericError  ...                                
                                                    #4  \errhelp \@err@     ...
l.47 ...    Standard LaTeX package (lasy symbols)]
                                                  
The control sequence at the end of the top line
of your error message was never \def'ed. If you have
misspelled it (e.g., `\hobx'), type `I' and the correct
spelling (e.g., `I\hbox'). Otherwise just continue,
and I'll forget about whatever was undefined.

! Undefined control sequence.
\GenericError  ...                                
                                                  \let \@err@               ...
l.47 ...    Standard LaTeX package (lasy symbols)]
                                                  
The control sequence at the end of the top line
of your error message was never \def'ed. If you have
misspelled it (e.g., `\hobx'), type `I' and the correct
spelling (e.g., `I\hbox'). Otherwise just continue,
and I'll forget about whatever was undefined.

! Undefined control sequence.
\GenericError  ...                                
                                                  \@empty \def \MessageBreak...
l.47 ...    Standard LaTeX package (lasy symbols)]
                                                  
The control sequence at the end of the top line
of your error message was never \def'ed. If you have
misspelled it (e.g., `\hobx'), type `I' and the correct
spelling (e.g., `I\hbox'). Otherwise just continue,
and I'll forget about whatever was undefined.

! Undefined control sequence.
\GenericError  ...                                
                                                     \endgroup 
l.47 ...    Standard LaTeX package (lasy symbols)]
                                                  
The control sequence at the end of the top line
of your error message was never \def'ed. If you have
misspelled it (e.g., `\hobx'), type `I' and the correct
spelling (e.g., `I\hbox'). Otherwise just continue,
and I'll forget about whatever was undefined.

! Undefined control sequence.
\GenericError  ...                                
                                                    #4  \errhelp \@err@     ...
l.47 ...    Standard LaTeX package (lasy symbols)]
                                                  
The control sequence at the end of the top line
of your error message was never \def'ed. If you have
misspelled it (e.g., `\hobx'), type `I' and the correct
spelling (e.g., `I\hbox'). Otherwise just continue,
and I'll forget about whatever was undefined.

! Undefined control sequence.
\GenericError  ...                                
                                                  \let \@err@               ...
l.47 ...    Standard LaTeX package (lasy symbols)]
                                                  
The control sequence at the end of the top line
of your error message was never \def'ed. If you have
misspelled it (e.g., `\hobx'), type `I' and the correct
spelling (e.g., `I\hbox'). Otherwise just continue,
and I'll forget about whatever was undefined.

! Undefined control sequence.
\GenericError  ...                                
                                                  \@empty \def \MessageBreak...
l.47 ...    Standard LaTeX package (lasy symbols)]
                                                  
The control sequence at the end of the top line
of your error message was never \def'ed. If you have
misspelled it (e.g., `\hobx'), type `I' and the correct
spelling (e.g., `I\hbox'). Otherwise just continue,
and I'll forget about whatever was undefined.

! Undefined control sequence.
\GenericError  ...                                
                                                     \endgroup 
l.47 ...    Standard LaTeX package (lasy symbols)]
                                                  
The control sequence at the end of the top line
of your error message was never \def'ed. If you have
misspelled it (e.g., `\hobx'), type `I' and the correct
spelling (e.g., `I\hbox'). Otherwise just continue,
and I'll forget about whatever was undefined.

! Undefined control sequence.
\GenericError  ...                                
                                                    #4  \errhelp \@err@     ...
l.47 ...    Standard LaTeX package (lasy symbols)]
                                                  
The control sequence at the end of the top line
of your error message was never \def'ed. If you have
misspelled it (e.g., `\hobx'), type `I' and the correct
spelling (e.g., `I\hbox'). Otherwise just continue,
and I'll forget about whatever was undefined.

! Undefined control sequence.
\GenericError  ...                                
                                                  \let \@err@               ...
l.47 ...    Standard LaTeX package (lasy symbols)]
                                                  
The control sequence at the end of the top line
of your error message was never \def'ed. If you have
misspelled it (e.g., `\hobx'), type `I' and the correct
spelling (e.g., `I\hbox'). Otherwise just continue,
and I'll forget about whatever was undefined.

! Undefined control sequence.
\GenericError  ...                                
                                                  \@empty \def \MessageBreak...
l.47 ...    Standard LaTeX package (lasy symbols)]
                                                  
The control sequence at the end of the top line
of your error message was never \def'ed. If you have
misspelled it (e.g., `\hobx'), type `I' and the correct
spelling (e.g., `I\hbox'). Otherwise just continue,
and I'll forget about whatever was undefined.

! Undefined control sequence.
\GenericError  ...                                
                                                     \endgroup 
l.47 ...    Standard LaTeX package (lasy symbols)]
                                                  
The control sequence at the end of the top line
of your error message was never \def'ed. If you have
misspelled it (e.g., `\hobx'), type `I' and the correct
spelling (e.g., `I\hbox'). Otherwise just continue,
and I'll forget about whatever was undefined.

! Undefined control sequence.
\GenericError  ...                                
                                                    #4  \errhelp \@err@     ...
l.47 ...    Standard LaTeX package (lasy symbols)]
                                                  
The control sequence at the end of the top line
of your error message was never \def'ed. If you have
misspelled it (e.g., `\hobx'), type `I' and the correct
spelling (e.g., `I\hbox'). Otherwise just continue,
and I'll forget about whatever was undefined.

! Undefined control sequence.
\GenericError  ...                                
                                                  \let \@err@               ...
l.47 ...    Standard LaTeX package (lasy symbols)]
                                                  
The control sequence at the end of the top line
of your error message was never \def'ed. If you have
misspelled it (e.g., `\hobx'), type `I' and the correct
spelling (e.g., `I\hbox'). Otherwise just continue,
and I'll forget about whatever was undefined.

! Undefined control sequence.
\GenericError  ...                                
                                                  \@empty \def \MessageBreak...
l.47 ...    Standard LaTeX package (lasy symbols)]
                                                  
The control sequence at the end of the top line
of your error message was never \def'ed. If you have
misspelled it (e.g., `\hobx'), type `I' and the correct
spelling (e.g., `I\hbox'). Otherwise just continue,
and I'll forget about whatever was undefined.

! Undefined control sequence.
\GenericError  ...                                
                                                     \endgroup 
l.47 ...    Standard LaTeX package (lasy symbols)]
                                                  
The control sequence at the end of the top line
of your error message was never \def'ed. If you have
misspelled it (e.g., `\hobx'), type `I' and the correct
spelling (e.g., `I\hbox'). Otherwise just continue,
and I'll forget about whatever was undefined.

Package: latexsym 1998\protect \begingroup \immediate \write \@unused   \def \M
essageBreak  
 \let \protect \edef  Only a character from the set [acelnosxzACELNOSXZ,'<>/-] 
can appear after /.\MessageBreak Proceed, I will omit both /\ and the character
 following it.\MessageBreak You can also correct your mistake NOW, typing I fol
lowed by\MessageBreak whatever should be in the place of the offending pair.  \
errhelp \let \def \MessageBreak  
(polski)                 \def   \errmessage  Package polski Error: Illegal pair
 of characters /0 occurred.

See the polski package documentation for explanation.
Type  H <return>  for immediate help   \endgroup 8\protect \begingroup \immedia
te \write \@unused   \def \MessageBreak  
 \let \protect \edef  Only a character from the set [acelnosxzACELNOSXZ,'<>/-] 
can appear after /.\MessageBreak Proceed, I will omit both /\ and the character
 following it.\MessageBreak You can also correct your mistake NOW, typing I fol
lowed by\MessageBreak whatever should be in the place of the offending pair.  \
errhelp \let \def \MessageBreak  
(polski)                 \def   \errmessage  Package polski Error: Illegal pair
 of characters /1 occurred.

See the polski package documentation for explanation.
Type  H <return>  for immediate help   \endgroup 7 v2.2e Standard LaTeX package
 (lasy symbols)
\symlasy=\mathgroup6
LaTeX Font Info:    Overwriting symbol font `lasy' in version `bold'
(Font)                  U/lasy/m/n --> U/lasy/b/n on input line 52.
) (/usr/share/texlive/texmf-dist/tex/latex/graphics/graphicx.sty
! Undefined control sequence.
\GenericError  ...                                
                                                    #4  \errhelp \@err@     ...
l.24 ...v1.1a  Enhanced LaTeX Graphics (DPC,SPQR)]
                                                  
The control sequence at the end of the top line
of your error message was never \def'ed. If you have
misspelled it (e.g., `\hobx'), type `I' and the correct
spelling (e.g., `I\hbox'). Otherwise just continue,
and I'll forget about whatever was undefined.

! Undefined control sequence.
\GenericError  ...                                
                                                  \let \@err@               ...
l.24 ...v1.1a  Enhanced LaTeX Graphics (DPC,SPQR)]
                                                  
The control sequence at the end of the top line
of your error message was never \def'ed. If you have
misspelled it (e.g., `\hobx'), type `I' and the correct
spelling (e.g., `I\hbox'). Otherwise just continue,
and I'll forget about whatever was undefined.

! Undefined control sequence.
\GenericError  ...                                
                                                  \@empty \def \MessageBreak...
l.24 ...v1.1a  Enhanced LaTeX Graphics (DPC,SPQR)]
                                                  
The control sequence at the end of the top line
of your error message was never \def'ed. If you have
misspelled it (e.g., `\hobx'), type `I' and the correct
spelling (e.g., `I\hbox'). Otherwise just continue,
and I'll forget about whatever was undefined.

! Undefined control sequence.
\GenericError  ...                                
                                                     \endgroup 
l.24 ...v1.1a  Enhanced LaTeX Graphics (DPC,SPQR)]
                                                  
The control sequence at the end of the top line
of your error message was never \def'ed. If you have
misspelled it (e.g., `\hobx'), type `I' and the correct
spelling (e.g., `I\hbox'). Otherwise just continue,
and I'll forget about whatever was undefined.

! Undefined control sequence.
\GenericError  ...                                
                                                    #4  \errhelp \@err@     ...
l.24 ...v1.1a  Enhanced LaTeX Graphics (DPC,SPQR)]
                                                  
The control sequence at the end of the top line
of your error message was never \def'ed. If you have
misspelled it (e.g., `\hobx'), type `I' and the correct
spelling (e.g., `I\hbox'). Otherwise just continue,
and I'll forget about whatever was undefined.

! Undefined control sequence.
\GenericError  ...                                
                                                  \let \@err@               ...
l.24 ...v1.1a  Enhanced LaTeX Graphics (DPC,SPQR)]
                                                  
The control sequence at the end of the top line
of your error message was never \def'ed. If you have
misspelled it (e.g., `\hobx'), type `I' and the correct
spelling (e.g., `I\hbox'). Otherwise just continue,
and I'll forget about whatever was undefined.

! Undefined control sequence.
\GenericError  ...                                
                                                  \@empty \def \MessageBreak...
l.24 ...v1.1a  Enhanced LaTeX Graphics (DPC,SPQR)]
                                                  
The control sequence at the end of the top line
of your error message was never \def'ed. If you have
misspelled it (e.g., `\hobx'), type `I' and the correct
spelling (e.g., `I\hbox'). Otherwise just continue,
and I'll forget about whatever was undefined.

! Undefined control sequence.
\GenericError  ...                                
                                                     \endgroup 
l.24 ...v1.1a  Enhanced LaTeX Graphics (DPC,SPQR)]
                                                  
The control sequence at the end of the top line
of your error message was never \def'ed. If you have
misspelled it (e.g., `\hobx'), type `I' and the correct
spelling (e.g., `I\hbox'). Otherwise just continue,
and I'll forget about whatever was undefined.

! Undefined control sequence.
\GenericError  ...                                
                                                    #4  \errhelp \@err@     ...
l.24 ...v1.1a  Enhanced LaTeX Graphics (DPC,SPQR)]
                                                  
The control sequence at the end of the top line
of your error message was never \def'ed. If you have
misspelled it (e.g., `\hobx'), type `I' and the correct
spelling (e.g., `I\hbox'). Otherwise just continue,
and I'll forget about whatever was undefined.

! Undefined control sequence.
\GenericError  ...                                
                                                  \let \@err@               ...
l.24 ...v1.1a  Enhanced LaTeX Graphics (DPC,SPQR)]
                                                  
The control sequence at the end of the top line
of your error message was never \def'ed. If you have
misspelled it (e.g., `\hobx'), type `I' and the correct
spelling (e.g., `I\hbox'). Otherwise just continue,
and I'll forget about whatever was undefined.

! Undefined control sequence.
\GenericError  ...                                
                                                  \@empty \def \MessageBreak...
l.24 ...v1.1a  Enhanced LaTeX Graphics (DPC,SPQR)]
                                                  
The control sequence at the end of the top line
of your error message was never \def'ed. If you have
misspelled it (e.g., `\hobx'), type `I' and the correct
spelling (e.g., `I\hbox'). Otherwise just continue,
and I'll forget about whatever was undefined.

! Undefined control sequence.
\GenericError  ...                                
                                                     \endgroup 
l.24 ...v1.1a  Enhanced LaTeX Graphics (DPC,SPQR)]
                                                  
The control sequence at the end of the top line
of your error message was never \def'ed. If you have
misspelled it (e.g., `\hobx'), type `I' and the correct
spelling (e.g., `I\hbox'). Otherwise just continue,
and I'll forget about whatever was undefined.

! Undefined control sequence.
\GenericError  ...                                
                                                    #4  \errhelp \@err@     ...
l.24 ...v1.1a  Enhanced LaTeX Graphics (DPC,SPQR)]
                                                  
The control sequence at the end of the top line
of your error message was never \def'ed. If you have
misspelled it (e.g., `\hobx'), type `I' and the correct
spelling (e.g., `I\hbox'). Otherwise just continue,
and I'll forget about whatever was undefined.

! Undefined control sequence.
\GenericError  ...                                
                                                  \let \@err@               ...
l.24 ...v1.1a  Enhanced LaTeX Graphics (DPC,SPQR)]
                                                  
The control sequence at the end of the top line
of your error message was never \def'ed. If you have
misspelled it (e.g., `\hobx'), type `I' and the correct
spelling (e.g., `I\hbox'). Otherwise just continue,
and I'll forget about whatever was undefined.

! Undefined control sequence.
\GenericError  ...                                
                                                  \@empty \def \MessageBreak...
l.24 ...v1.1a  Enhanced LaTeX Graphics (DPC,SPQR)]
                                                  
The control sequence at the end of the top line
of your error message was never \def'ed. If you have
misspelled it (e.g., `\hobx'), type `I' and the correct
spelling (e.g., `I\hbox'). Otherwise just continue,
and I'll forget about whatever was undefined.

! Undefined control sequence.
\GenericError  ...                                
                                                     \endgroup 
l.24 ...v1.1a  Enhanced LaTeX Graphics (DPC,SPQR)]
                                                  
The control sequence at the end of the top line
of your error message was never \def'ed. If you have
misspelled it (e.g., `\hobx'), type `I' and the correct
spelling (e.g., `I\hbox'). Otherwise just continue,
and I'll forget about whatever was undefined.

Package: graphicx 2017\protect \begingroup \immediate \write \@unused   \def \M
essageBreak  
 \let \protect \edef  Only a character from the set [acelnosxzACELNOSXZ,'<>/-] 
can appear after /.\MessageBreak Proceed, I will omit both /\ and the character
 following it.\MessageBreak You can also correct your mistake NOW, typing I fol
lowed by\MessageBreak whatever should be in the place of the offending pair.  \
errhelp \let \def \MessageBreak  
(polski)                 \def   \errmessage  Package polski Error: Illegal pair
 of characters /0 occurred.

See the polski package documentation for explanation.
Type  H <return>  for immediate help   \endgroup 6\protect \begingroup \immedia
te \write \@unused   \def \MessageBreak  
 \let \protect \edef  Only a character from the set [acelnosxzACELNOSXZ,'<>/-] 
can appear after /.\MessageBreak Proceed, I will omit both /\ and the character
 following it.\MessageBreak You can also correct your mistake NOW, typing I fol
lowed by\MessageBreak whatever should be in the place of the offending pair.  \
errhelp \let \def \MessageBreak  
(polski)                 \def   \errmessage  Package polski Error: Illegal pair
 of characters /0 occurred.

See the polski package documentation for explanation.
Type  H <return>  for immediate help   \endgroup 1 v1.1a Enhanced LaTeX Graphic
s (DPC,SPQR)
(/usr/share/texlive/texmf-dist/tex/latex/graphics/graphics.sty
! Undefined control sequence.
\GenericError  ...                                
                                                    #4  \errhelp \@err@     ...
l.26 ...v1.2c  Standard LaTeX Graphics (DPC,SPQR)]
                                                  
The control sequence at the end of the top line
of your error message was never \def'ed. If you have
misspelled it (e.g., `\hobx'), type `I' and the correct
spelling (e.g., `I\hbox'). Otherwise just continue,
and I'll forget about whatever was undefined.

! Undefined control sequence.
\GenericError  ...                                
                                                  \let \@err@               ...
l.26 ...v1.2c  Standard LaTeX Graphics (DPC,SPQR)]
                                                  
The control sequence at the end of the top line
of your error message was never \def'ed. If you have
misspelled it (e.g., `\hobx'), type `I' and the correct
spelling (e.g., `I\hbox'). Otherwise just continue,
and I'll forget about whatever was undefined.

! Undefined control sequence.
\GenericError  ...                                
                                                  \@empty \def \MessageBreak...
l.26 ...v1.2c  Standard LaTeX Graphics (DPC,SPQR)]
                                                  
The control sequence at the end of the top line
of your error message was never \def'ed. If you have
misspelled it (e.g., `\hobx'), type `I' and the correct
spelling (e.g., `I\hbox'). Otherwise just continue,
and I'll forget about whatever was undefined.

! Undefined control sequence.
\GenericError  ...                                
                                                     \endgroup 
l.26 ...v1.2c  Standard LaTeX Graphics (DPC,SPQR)]
                                                  
The control sequence at the end of the top line
of your error message was never \def'ed. If you have
misspelled it (e.g., `\hobx'), type `I' and the correct
spelling (e.g., `I\hbox'). Otherwise just continue,
and I'll forget about whatever was undefined.

! Undefined control sequence.
\GenericError  ...                                
                                                    #4  \errhelp \@err@     ...
l.26 ...v1.2c  Standard LaTeX Graphics (DPC,SPQR)]
                                                  
The control sequence at the end of the top line
of your error message was never \def'ed. If you have
misspelled it (e.g., `\hobx'), type `I' and the correct
spelling (e.g., `I\hbox'). Otherwise just continue,
and I'll forget about whatever was undefined.

! Undefined control sequence.
\GenericError  ...                                
                                                  \let \@err@               ...
l.26 ...v1.2c  Standard LaTeX Graphics (DPC,SPQR)]
                                                  
The control sequence at the end of the top line
of your error message was never \def'ed. If you have
misspelled it (e.g., `\hobx'), type `I' and the correct
spelling (e.g., `I\hbox'). Otherwise just continue,
and I'll forget about whatever was undefined.

! Undefined control sequence.
\GenericError  ...                                
                                                  \@empty \def \MessageBreak...
l.26 ...v1.2c  Standard LaTeX Graphics (DPC,SPQR)]
                                                  
The control sequence at the end of the top line
of your error message was never \def'ed. If you have
misspelled it (e.g., `\hobx'), type `I' and the correct
spelling (e.g., `I\hbox'). Otherwise just continue,
and I'll forget about whatever was undefined.

! Undefined control sequence.
\GenericError  ...                                
                                                     \endgroup 
l.26 ...v1.2c  Standard LaTeX Graphics (DPC,SPQR)]
                                                  
The control sequence at the end of the top line
of your error message was never \def'ed. If you have
misspelled it (e.g., `\hobx'), type `I' and the correct
spelling (e.g., `I\hbox'). Otherwise just continue,
and I'll forget about whatever was undefined.

! Undefined control sequence.
\GenericError  ...                                
                                                    #4  \errhelp \@err@     ...
l.26 ...v1.2c  Standard LaTeX Graphics (DPC,SPQR)]
                                                  
The control sequence at the end of the top line
of your error message was never \def'ed. If you have
misspelled it (e.g., `\hobx'), type `I' and the correct
spelling (e.g., `I\hbox'). Otherwise just continue,
and I'll forget about whatever was undefined.

! Undefined control sequence.
\GenericError  ...                                
                                                  \let \@err@               ...
l.26 ...v1.2c  Standard LaTeX Graphics (DPC,SPQR)]
                                                  
The control sequence at the end of the top line
of your error message was never \def'ed. If you have
misspelled it (e.g., `\hobx'), type `I' and the correct
spelling (e.g., `I\hbox'). Otherwise just continue,
and I'll forget about whatever was undefined.

! Undefined control sequence.
\GenericError  ...                                
                                                  \@empty \def \MessageBreak...
l.26 ...v1.2c  Standard LaTeX Graphics (DPC,SPQR)]
                                                  
The control sequence at the end of the top line
of your error message was never \def'ed. If you have
misspelled it (e.g., `\hobx'), type `I' and the correct
spelling (e.g., `I\hbox'). Otherwise just continue,
and I'll forget about whatever was undefined.

! Undefined control sequence.
\GenericError  ...                                
                                                     \endgroup 
l.26 ...v1.2c  Standard LaTeX Graphics (DPC,SPQR)]
                                                  
The control sequence at the end of the top line
of your error message was never \def'ed. If you have
misspelled it (e.g., `\hobx'), type `I' and the correct
spelling (e.g., `I\hbox'). Otherwise just continue,
and I'll forget about whatever was undefined.

! Undefined control sequence.
\GenericError  ...                                
                                                    #4  \errhelp \@err@     ...
l.26 ...v1.2c  Standard LaTeX Graphics (DPC,SPQR)]
                                                  
The control sequence at the end of the top line
of your error message was never \def'ed. If you have
misspelled it (e.g., `\hobx'), type `I' and the correct
spelling (e.g., `I\hbox'). Otherwise just continue,
and I'll forget about whatever was undefined.

! Undefined control sequence.
\GenericError  ...                                
                                                  \let \@err@               ...
l.26 ...v1.2c  Standard LaTeX Graphics (DPC,SPQR)]
                                                  
The control sequence at the end of the top line
of your error message was never \def'ed. If you have
misspelled it (e.g., `\hobx'), type `I' and the correct
spelling (e.g., `I\hbox'). Otherwise just continue,
and I'll forget about whatever was undefined.

! Undefined control sequence.
\GenericError  ...                                
                                                  \@empty \def \MessageBreak...
l.26 ...v1.2c  Standard LaTeX Graphics (DPC,SPQR)]
                                                  
The control sequence at the end of the top line
of your error message was never \def'ed. If you have
misspelled it (e.g., `\hobx'), type `I' and the correct
spelling (e.g., `I\hbox'). Otherwise just continue,
and I'll forget about whatever was undefined.

! Undefined control sequence.
\GenericError  ...                                
                                                     \endgroup 
l.26 ...v1.2c  Standard LaTeX Graphics (DPC,SPQR)]
                                                  
The control sequence at the end of the top line
of your error message was never \def'ed. If you have
misspelled it (e.g., `\hobx'), type `I' and the correct
spelling (e.g., `I\hbox'). Otherwise just continue,
and I'll forget about whatever was undefined.

Package: graphics 2017\protect \begingroup \immediate \write \@unused   \def \M
essageBreak  
 \let \protect \edef  Only a character from the set [acelnosxzACELNOSXZ,'<>/-] 
can appear after /.\MessageBreak Proceed, I will omit both /\ and the character
 following it.\MessageBreak You can also correct your mistake NOW, typing I fol
lowed by\MessageBreak whatever should be in the place of the offending pair.  \
errhelp \let \def \MessageBreak  
(polski)                 \def   \errmessage  Package polski Error: Illegal pair
 of characters /0 occurred.

See the polski package documentation for explanation.
Type  H <return>  for immediate help   \endgroup 6\protect \begingroup \immedia
te \write \@unused   \def \MessageBreak  
 \let \protect \edef  Only a character from the set [acelnosxzACELNOSXZ,'<>/-] 
can appear after /.\MessageBreak Proceed, I will omit both /\ and the character
 following it.\MessageBreak You can also correct your mistake NOW, typing I fol
lowed by\MessageBreak whatever should be in the place of the offending pair.  \
errhelp \let \def \MessageBreak  
(polski)                 \def   \errmessage  Package polski Error: Illegal pair
 of characters /2 occurred.

See the polski package documentation for explanation.
Type  H <return>  for immediate help   \endgroup 5 v1.2c Standard LaTeX Graphic
s (DPC,SPQR)
(/usr/share/texlive/texmf-dist/tex/latex/graphics/trig.sty
! Undefined control sequence.
\GenericError  ...                                
                                                    #4  \errhelp \@err@     ...
l.24 ...      [2016/01/03 v1.10 sin cos tan (DPC)]
                                                  
The control sequence at the end of the top line
of your error message was never \def'ed. If you have
misspelled it (e.g., `\hobx'), type `I' and the correct
spelling (e.g., `I\hbox'). Otherwise just continue,
and I'll forget about whatever was undefined.

! Undefined control sequence.
\GenericError  ...                                
                                                  \let \@err@               ...
l.24 ...      [2016/01/03 v1.10 sin cos tan (DPC)]
                                                  
The control sequence at the end of the top line
of your error message was never \def'ed. If you have
misspelled it (e.g., `\hobx'), type `I' and the correct
spelling (e.g., `I\hbox'). Otherwise just continue,
and I'll forget about whatever was undefined.

! Undefined control sequence.
\GenericError  ...                                
                                                  \@empty \def \MessageBreak...
l.24 ...      [2016/01/03 v1.10 sin cos tan (DPC)]
                                                  
The control sequence at the end of the top line
of your error message was never \def'ed. If you have
misspelled it (e.g., `\hobx'), type `I' and the correct
spelling (e.g., `I\hbox'). Otherwise just continue,
and I'll forget about whatever was undefined.

! Undefined control sequence.
\GenericError  ...                                
                                                     \endgroup 
l.24 ...      [2016/01/03 v1.10 sin cos tan (DPC)]
                                                  
The control sequence at the end of the top line
of your error message was never \def'ed. If you have
misspelled it (e.g., `\hobx'), type `I' and the correct
spelling (e.g., `I\hbox'). Otherwise just continue,
and I'll forget about whatever was undefined.

! Undefined control sequence.
\GenericError  ...                                
                                                    #4  \errhelp \@err@     ...
l.24 ...      [2016/01/03 v1.10 sin cos tan (DPC)]
                                                  
The control sequence at the end of the top line
of your error message was never \def'ed. If you have
misspelled it (e.g., `\hobx'), type `I' and the correct
spelling (e.g., `I\hbox'). Otherwise just continue,
and I'll forget about whatever was undefined.

! Undefined control sequence.
\GenericError  ...                                
                                                  \let \@err@               ...
l.24 ...      [2016/01/03 v1.10 sin cos tan (DPC)]
                                                  
The control sequence at the end of the top line
of your error message was never \def'ed. If you have
misspelled it (e.g., `\hobx'), type `I' and the correct
spelling (e.g., `I\hbox'). Otherwise just continue,
and I'll forget about whatever was undefined.

! Undefined control sequence.
\GenericError  ...                                
                                                  \@empty \def \MessageBreak...
l.24 ...      [2016/01/03 v1.10 sin cos tan (DPC)]
                                                  
The control sequence at the end of the top line
of your error message was never \def'ed. If you have
misspelled it (e.g., `\hobx'), type `I' and the correct
spelling (e.g., `I\hbox'). Otherwise just continue,
and I'll forget about whatever was undefined.

! Undefined control sequence.
\GenericError  ...                                
                                                     \endgroup 
l.24 ...      [2016/01/03 v1.10 sin cos tan (DPC)]
                                                  
The control sequence at the end of the top line
of your error message was never \def'ed. If you have
misspelled it (e.g., `\hobx'), type `I' and the correct
spelling (e.g., `I\hbox'). Otherwise just continue,
and I'll forget about whatever was undefined.

! Undefined control sequence.
\GenericError  ...                                
                                                    #4  \errhelp \@err@     ...
l.24 ...      [2016/01/03 v1.10 sin cos tan (DPC)]
                                                  
The control sequence at the end of the top line
of your error message was never \def'ed. If you have
misspelled it (e.g., `\hobx'), type `I' and the correct
spelling (e.g., `I\hbox'). Otherwise just continue,
and I'll forget about whatever was undefined.

! Undefined control sequence.
\GenericError  ...                                
                                                  \let \@err@               ...
l.24 ...      [2016/01/03 v1.10 sin cos tan (DPC)]
                                                  
The control sequence at the end of the top line
of your error message was never \def'ed. If you have
misspelled it (e.g., `\hobx'), type `I' and the correct
spelling (e.g., `I\hbox'). Otherwise just continue,
and I'll forget about whatever was undefined.

! Undefined control sequence.
\GenericError  ...                                
                                                  \@empty \def \MessageBreak...
l.24 ...      [2016/01/03 v1.10 sin cos tan (DPC)]
                                                  
The control sequence at the end of the top line
of your error message was never \def'ed. If you have
misspelled it (e.g., `\hobx'), type `I' and the correct
spelling (e.g., `I\hbox'). Otherwise just continue,
and I'll forget about whatever was undefined.

! Undefined control sequence.
\GenericError  ...                                
                                                     \endgroup 
l.24 ...      [2016/01/03 v1.10 sin cos tan (DPC)]
                                                  
The control sequence at the end of the top line
of your error message was never \def'ed. If you have
misspelled it (e.g., `\hobx'), type `I' and the correct
spelling (e.g., `I\hbox'). Otherwise just continue,
and I'll forget about whatever was undefined.

! Undefined control sequence.
\GenericError  ...                                
                                                    #4  \errhelp \@err@     ...
l.24 ...      [2016/01/03 v1.10 sin cos tan (DPC)]
                                                  
The control sequence at the end of the top line
of your error message was never \def'ed. If you have
misspelled it (e.g., `\hobx'), type `I' and the correct
spelling (e.g., `I\hbox'). Otherwise just continue,
and I'll forget about whatever was undefined.

! Undefined control sequence.
\GenericError  ...                                
                                                  \let \@err@               ...
l.24 ...      [2016/01/03 v1.10 sin cos tan (DPC)]
                                                  
The control sequence at the end of the top line
of your error message was never \def'ed. If you have
misspelled it (e.g., `\hobx'), type `I' and the correct
spelling (e.g., `I\hbox'). Otherwise just continue,
and I'll forget about whatever was undefined.

! Undefined control sequence.
\GenericError  ...                                
                                                  \@empty \def \MessageBreak...
l.24 ...      [2016/01/03 v1.10 sin cos tan (DPC)]
                                                  
The control sequence at the end of the top line
of your error message was never \def'ed. If you have
misspelled it (e.g., `\hobx'), type `I' and the correct
spelling (e.g., `I\hbox'). Otherwise just continue,
and I'll forget about whatever was undefined.

! Undefined control sequence.
\GenericError  ...                                
                                                     \endgroup 
l.24 ...      [2016/01/03 v1.10 sin cos tan (DPC)]
                                                  
The control sequence at the end of the top line
of your error message was never \def'ed. If you have
misspelled it (e.g., `\hobx'), type `I' and the correct
spelling (e.g., `I\hbox'). Otherwise just continue,
and I'll forget about whatever was undefined.

Package: trig 2016\protect \begingroup \immediate \write \@unused   \def \Messa
geBreak  
 \let \protect \edef  Only a character from the set [acelnosxzACELNOSXZ,'<>/-] 
can appear after /.\MessageBreak Proceed, I will omit both /\ and the character
 following it.\MessageBreak You can also correct your mistake NOW, typing I fol
lowed by\MessageBreak whatever should be in the place of the offending pair.  \
errhelp \let \def \MessageBreak  
(polski)                 \def   \errmessage  Package polski Error: Illegal pair
 of characters /0 occurred.

See the polski package documentation for explanation.
Type  H <return>  for immediate help   \endgroup 1\protect \begingroup \immedia
te \write \@unused   \def \MessageBreak  
 \let \protect \edef  Only a character from the set [acelnosxzACELNOSXZ,'<>/-] 
can appear after /.\MessageBreak Proceed, I will omit both /\ and the character
 following it.\MessageBreak You can also correct your mistake NOW, typing I fol
lowed by\MessageBreak whatever should be in the place of the offending pair.  \
errhelp \let \def \MessageBreak  
(polski)                 \def   \errmessage  Package polski Error: Illegal pair
 of characters /0 occurred.

See the polski package documentation for explanation.
Type  H <return>  for immediate help   \endgroup 3 v1.10 sin cos tan (DPC)
) (/usr/share/texlive/texmf-dist/tex/latex/graphics-cfg/graphics.cfg
File: graphics.cfg 2016/06/04 v1.11 sample graphics configuration
)
Package graphics Info: Driver file: pdftex.def on input line 99.

(/usr/share/texlive/texmf-dist/tex/latex/graphics-def/pdftex.def
File: pdftex.def 2018/01/08 v1.0l Graphics/color driver for pdftex
))
\Gin@req@height=\dimen111
\Gin@req@width=\dimen112
)
(./raport.aux)
\openout1 = `raport.aux'.

LaTeX Font Info:    Checking defaults for OML/cmm/m/it on input line 12.
LaTeX Font Info:    ... okay on input line 12.
LaTeX Font Info:    Checking defaults for T1/cmr/m/n on input line 12.
LaTeX Font Info:    ... okay on input line 12.
LaTeX Font Info:    Checking defaults for OT1/cmr/m/n on input line 12.
LaTeX Font Info:    ... okay on input line 12.
LaTeX Font Info:    Checking defaults for OMS/cmsy/m/n on input line 12.
LaTeX Font Info:    ... okay on input line 12.
LaTeX Font Info:    Checking defaults for OMX/cmex/m/n on input line 12.
LaTeX Font Info:    ... okay on input line 12.
LaTeX Font Info:    Checking defaults for U/cmr/m/n on input line 12.
LaTeX Font Info:    ... okay on input line 12.
LaTeX Font Info:    Checking defaults for OT4/cmr/m/n on input line 12.
LaTeX Font Info:    ... okay on input line 12.

*geometry* driver: auto-detecting
*geometry* detected driver: pdftex
*geometry* verbose mode - [ preamble ] result:
* driver: pdftex
* paper: a4paper
* layout: <same size as paper>
* layoutoffset:(h,v)=(0.0pt,0.0pt)
* modes: 
* h-part:(L,W,R)=(42.67912pt, 512.14963pt, 42.67912pt)
* v-part:(T,H,B)=(56.9055pt, 688.5567pt, 99.58464pt)
* \paperwidth=597.50787pt
* \paperheight=845.04684pt
* \textwidth=512.14963pt
* \textheight=688.5567pt
* \oddsidemargin=-29.59087pt
* \evensidemargin=-29.59087pt
* \topmargin=-61.5077pt
* \headheight=12.0pt
* \headsep=34.14322pt
* \topskip=11.0pt
* \footskip=30.0pt
* \marginparwidth=50.0pt
* \marginparsep=10.0pt
* \columnsep=10.0pt
* \skip\footins=10.0pt plus 4.0pt minus 2.0pt
* \hoffset=0.0pt
* \voffset=0.0pt
* \mag=1000
* \@twocolumnfalse
* \@twosidefalse
* \@mparswitchfalse
* \@reversemarginfalse
* (1in=72.27pt=25.4mm, 1cm=28.453pt)

(/usr/share/texlive/texmf-dist/tex/context/base/mkii/supp-pdf.mkii
[Loading MPS to PDF converter (version 2006.09.02).]
\scratchcounter=\count90
\scratchdimen=\dimen113
\scratchbox=\box26
\nofMPsegments=\count91
\nofMParguments=\count92
\everyMPshowfont=\toks19
\MPscratchCnt=\count93
\MPscratchDim=\dimen114
\MPnumerator=\count94
\makeMPintoPDFobject=\count95
\everyMPtoPDFconversion=\toks20
)
! Undefined control sequence.
\GenericError  ...                                
                                                    #4  \errhelp \@err@     ...
l.12 \begin{document}
                     
The control sequence at the end of the top line
of your error message was never \def'ed. If you have
misspelled it (e.g., `\hobx'), type `I' and the correct
spelling (e.g., `I\hbox'). Otherwise just continue,
and I'll forget about whatever was undefined.

! Undefined control sequence.
\GenericError  ...                                
                                                  \let \@err@               ...
l.12 \begin{document}
                     
The control sequence at the end of the top line
of your error message was never \def'ed. If you have
misspelled it (e.g., `\hobx'), type `I' and the correct
spelling (e.g., `I\hbox'). Otherwise just continue,
and I'll forget about whatever was undefined.

! Undefined control sequence.
\GenericError  ...                                
                                                  \@empty \def \MessageBreak...
l.12 \begin{document}
                     
The control sequence at the end of the top line
of your error message was never \def'ed. If you have
misspelled it (e.g., `\hobx'), type `I' and the correct
spelling (e.g., `I\hbox'). Otherwise just continue,
and I'll forget about whatever was undefined.

! Undefined control sequence.
\GenericError  ...                                
                                                     \endgroup 
l.12 \begin{document}
                     
The control sequence at the end of the top line
of your error message was never \def'ed. If you have
misspelled it (e.g., `\hobx'), type `I' and the correct
spelling (e.g., `I\hbox'). Otherwise just continue,
and I'll forget about whatever was undefined.

! Undefined control sequence.
\GenericError  ...                                
                                                    #4  \errhelp \@err@     ...
l.12 \begin{document}
                     
The control sequence at the end of the top line
of your error message was never \def'ed. If you have
misspelled it (e.g., `\hobx'), type `I' and the correct
spelling (e.g., `I\hbox'). Otherwise just continue,
and I'll forget about whatever was undefined.

! Undefined control sequence.
\GenericError  ...                                
                                                  \let \@err@               ...
l.12 \begin{document}
                     
The control sequence at the end of the top line
of your error message was never \def'ed. If you have
misspelled it (e.g., `\hobx'), type `I' and the correct
spelling (e.g., `I\hbox'). Otherwise just continue,
and I'll forget about whatever was undefined.

! Undefined control sequence.
\GenericError  ...                                
                                                  \@empty \def \MessageBreak...
l.12 \begin{document}
                     
The control sequence at the end of the top line
of your error message was never \def'ed. If you have
misspelled it (e.g., `\hobx'), type `I' and the correct
spelling (e.g., `I\hbox'). Otherwise just continue,
and I'll forget about whatever was undefined.

! Undefined control sequence.
\GenericError  ...                                
                                                     \endgroup 
l.12 \begin{document}
                     
The control sequence at the end of the top line
of your error message was never \def'ed. If you have
misspelled it (e.g., `\hobx'), type `I' and the correct
spelling (e.g., `I\hbox'). Otherwise just continue,
and I'll forget about whatever was undefined.

(/usr/share/texlive/texmf-dist/tex/latex/oberdiek/epstopdf-base.sty
Package: epstopdf-base 2016/05/15 v2.6 Base part for package epstopdf

(/usr/share/texlive/texmf-dist/tex/generic/oberdiek/infwarerr.sty
Package: infwarerr 2016/05/16 v1.4 Providing info/warning/error messages (HO)
)
(/usr/share/texlive/texmf-dist/tex/latex/oberdiek/grfext.sty
Package: grfext 2016/05/16 v1.2 Manage graphics extensions (HO)

(/usr/share/texlive/texmf-dist/tex/generic/oberdiek/kvdefinekeys.sty
Package: kvdefinekeys 2016/05/16 v1.4 Define keys (HO)

(/usr/share/texlive/texmf-dist/tex/generic/oberdiek/ltxcmds.sty
Package: ltxcmds 2016/05/16 v1.23 LaTeX kernel commands for general use (HO)
)))
(/usr/share/texlive/texmf-dist/tex/latex/oberdiek/kvoptions.sty
Package: kvoptions 2016/05/16 v3.12 Key value format for package options (HO)

(/usr/share/texlive/texmf-dist/tex/generic/oberdiek/kvsetkeys.sty
Package: kvsetkeys 2016/05/16 v1.17 Key value parser (HO)

(/usr/share/texlive/texmf-dist/tex/generic/oberdiek/etexcmds.sty
Package: etexcmds 2016/05/16 v1.6 Avoid name clashes with e-TeX commands (HO)

(/usr/share/texlive/texmf-dist/tex/generic/oberdiek/ifluatex.sty
Package: ifluatex 2016/05/16 v1.4 Provides the ifluatex switch (HO)
Package ifluatex Info: LuaTeX not detected.
)
Package etexcmds Info: Could not find \expanded.
(etexcmds)             That can mean that you are not using pdfTeX 1.50 or
(etexcmds)             that some package has redefined \expanded.
(etexcmds)             In the latter case, load this package earlier.
)))
(/usr/share/texlive/texmf-dist/tex/generic/oberdiek/pdftexcmds.sty
Package: pdftexcmds 2018/01/21 v0.26 Utility functions of pdfTeX for LuaTeX (HO
)
Package pdftexcmds Info: LuaTeX not detected.
Package pdftexcmds Info: \pdf@primitive is available.
Package pdftexcmds Info: \pdf@ifprimitive is available.
Package pdftexcmds Info: \pdfdraftmode found.
)
Package epstopdf-base Info: Redefining graphics rule for `.eps' on input line 4
38.
Package grfext Info: Graphics extension search list:
(grfext)             [.pdf,.png,.jpg,.mps,.jpeg,.jbig2,.jb2,.PDF,.PNG,.JPG,.JPE
G,.JBIG2,.JB2,.eps]
(grfext)             \AppendGraphicsExtensions on input line 456.

(/usr/share/texlive/texmf-dist/tex/latex/latexconfig/epstopdf-sys.cfg
File: epstopdf-sys.cfg 2010/07/13 v1.3 Configuration of (r)epstopdf for TeX Liv
e
))
LaTeX Font Info:    Try loading font information for OML+plm on input line 13.

(/usr/share/texlive/texmf-dist/tex/latex/polski/omlplm.fd
File: omlplm.fd 2008/02/24 v1.2.1 Font defs for fonts PL (MW)
)
LaTeX Font Info:    Try loading font information for OMS+plsy on input line 13.


(/usr/share/texlive/texmf-dist/tex/latex/polski/omsplsy.fd
File: omsplsy.fd 2008/02/24 v1.2.1 Font defs for fonts PL (MW)
)
LaTeX Font Info:    Try loading font information for OMX+plex on input line 13.


(/usr/share/texlive/texmf-dist/tex/latex/polski/omxplex.fd
File: omxplex.fd 2008/02/24 v1.2.1 Font defs for fonts PL (MW)
)
LaTeX Font Info:    External font `plex10' loaded for size
(Font)              <12> on input line 13.
LaTeX Font Info:    External font `plex10' loaded for size
(Font)              <8> on input line 13.
LaTeX Font Info:    External font `plex10' loaded for size
(Font)              <6> on input line 13.
LaTeX Font Info:    Try loading font information for U+msa on input line 13.

(/usr/share/texlive/texmf-dist/tex/latex/amsfonts/umsa.fd
File: umsa.fd 2013/01/14 v3.01 AMS symbols A
)
LaTeX Font Info:    Try loading font information for U+msb on input line 13.

(/usr/share/texlive/texmf-dist/tex/latex/amsfonts/umsb.fd
File: umsb.fd 2013/01/14 v3.01 AMS symbols B
)
LaTeX Font Info:    Try loading font information for U+lasy on input line 13.

(/usr/share/texlive/texmf-dist/tex/latex/base/ulasy.fd
File: ulasy.fd 1998/08/17 v2.2e LaTeX symbol font definitions
) (./raport.toc
LaTeX Font Info:    External font `plex10' loaded for size
(Font)              <10.95> on input line 22.
)
\tf@toc=\write3
\openout3 = `raport.toc'.

 [1

{/var/lib/texmf/fonts/map/pdftex/updmap/pdftex.map}]
! Missing $ inserted.
<inserted text> 
                $
l.24 \left
          ( \begin{array}{ccc}
I've inserted a begin-math/end-math symbol since I think
you left one out. Proceed, with fingers crossed.

! Missing $ inserted.
<inserted text> 
                $
l.29 
     
I've inserted a begin-math/end-math symbol since I think
you left one out. Proceed, with fingers crossed.

! Missing $ inserted.
<inserted text> 
                $
l.32 \begin{array}{ccc}
                       
I've inserted a begin-math/end-math symbol since I think
you left one out. Proceed, with fingers crossed.

! Missing $ inserted.
<inserted text> 
                $
l.33 $Var(b_
            {0}) = 6.7985 ^{2} $ & $Var(b_{1}) = 0.2481 ^{2} $ & $Var(b_{2})...
I've inserted a begin-math/end-math symbol since I think
you left one out. Proceed, with fingers crossed.

! Missing $ inserted.
<inserted text> 
                $
l.33 $Var(b_{0}) = 6.7985 ^{2} $ &
                                   $Var(b_{1}) = 0.2481 ^{2} $ & $Var(b_{2})...
I've inserted a begin-math/end-math symbol since I think
you left one out. Proceed, with fingers crossed.

! Missing $ inserted.
<inserted text> 
                $
l.33 $Var(b_{0}) = 6.7985 ^{2} $ & $Var(b_
                                          {1}) = 0.2481 ^{2} $ & $Var(b_{2})...
I've inserted a begin-math/end-math symbol since I think
you left one out. Proceed, with fingers crossed.

! Missing $ inserted.
<inserted text> 
                $
l.33 ...985 ^{2} $ & $Var(b_{1}) = 0.2481 ^{2} $ &
                                                   $Var(b_{2}) = 0.4804 ^{2}...
I've inserted a begin-math/end-math symbol since I think
you left one out. Proceed, with fingers crossed.

! Missing $ inserted.
<inserted text> 
                $
l.33 ... $ & $Var(b_{1}) = 0.2481 ^{2} $ & $Var(b_
                                                  {2}) = 0.4804 ^{2}$ \\
I've inserted a begin-math/end-math symbol since I think
you left one out. Proceed, with fingers crossed.

! Missing $ inserted.
<inserted text> 
                $
l.34 \end
         {array}
I've inserted a begin-math/end-math symbol since I think
you left one out. Proceed, with fingers crossed.

! Missing $ inserted.
<inserted text> 
                $
l.34 \end{array}
                
I've inserted something that you may have forgotten.
(See the <inserted text> above.)
With luck, this will get me unwedged. But if you
really didn't forget anything, try typing `2' now; then
my insertion and my current dilemma will both disappear.


Overfull \hbox (8.86006pt too wide) in paragraph at lines 77--85
[][] 
 []


Overfull \hbox (8.5205pt too wide) in paragraph at lines 88--89
[]\OT4/cmr/m/n/10.95 Warto zwr-ci uwa-g, e es-ty-ma-to-ry wsp-czyn-ni-kw
 re-gre-sji i ich p-wartoci dla epsilon=1e-8 i epsilon=1e-
 []

[2]
! Missing $ inserted.
<inserted text> 
                $
l.98 \left
          (\begin{array}{cccc}
I've inserted a begin-math/end-math symbol since I think
you left one out. Proceed, with fingers crossed.

! Missing $ inserted.
<inserted text> 
                $
l.104 
      
I've inserted a begin-math/end-math symbol since I think
you left one out. Proceed, with fingers crossed.

! Missing $ inserted.
<inserted text> 
                $
l.107 \left
           (\begin{array}{cccc}
I've inserted a begin-math/end-math symbol since I think
you left one out. Proceed, with fingers crossed.

! Missing $ inserted.
<inserted text> 
                $
l.113 
      
I've inserted a begin-math/end-math symbol since I think
you left one out. Proceed, with fingers crossed.

<beta1.png, id=22, 657.95813pt x 670.00313pt>
File: beta1.png Graphic file (type png)
<use beta1.png>
Package pdftex.def Info: beta1.png  used on input line 118.
(pdftex.def)             Requested size: 230.28879pt x 234.50461pt.
<beta2.png, id=23, 657.95813pt x 670.00313pt>
File: beta2.png Graphic file (type png)
<use beta2.png>
Package pdftex.def Info: beta2.png  used on input line 119.
(pdftex.def)             Requested size: 220.41985pt x 224.45499pt.
<beta3.png, id=24, 657.95813pt x 670.00313pt>
File: beta3.png Graphic file (type png)
<use beta3.png>
Package pdftex.def Info: beta3.png  used on input line 121.
(pdftex.def)             Requested size: 230.28879pt x 234.50461pt.
<deviance.png, id=25, 657.95813pt x 670.00313pt>
File: deviance.png Graphic file (type png)
<use deviance.png>
Package pdftex.def Info: deviance.png  used on input line 122.
(pdftex.def)             Requested size: 230.28879pt x 234.50461pt.
[3 <./beta1.png> <./beta2.png>]
! Missing $ inserted.
<inserted text> 
                $
l.129 
      
I've inserted a begin-math/end-math symbol since I think
you left one out. Proceed, with fingers crossed.

! Missing $ inserted.
<inserted text> 
                $
l.130 bias(b_
             {1}) =  0.03043006
I've inserted a begin-math/end-math symbol since I think
you left one out. Proceed, with fingers crossed.

! Missing $ inserted.
<inserted text> 
                $
l.131 
      
I've inserted a begin-math/end-math symbol since I think
you left one out. Proceed, with fingers crossed.

! Missing $ inserted.
<inserted text> 
                $
l.132 bias(b_
             {2}) =  0.09967832
I've inserted a begin-math/end-math symbol since I think
you left one out. Proceed, with fingers crossed.

! Missing $ inserted.
<inserted text> 
                $
l.133 
      
I've inserted a begin-math/end-math symbol since I think
you left one out. Proceed, with fingers crossed.

! Missing $ inserted.
<inserted text> 
                $
l.134 bias(b_
             {3}) =  0.08806881$
I've inserted a begin-math/end-math symbol since I think
you left one out. Proceed, with fingers crossed.

! Missing $ inserted.
<inserted text> 
                $
l.144 \left
           (\begin{array}{cccc}
I've inserted a begin-math/end-math symbol since I think
you left one out. Proceed, with fingers crossed.

! Missing $ inserted.
<inserted text> 
                $
l.150 
      
I've inserted a begin-math/end-math symbol since I think
you left one out. Proceed, with fingers crossed.

! Missing $ inserted.
<inserted text> 
                $
l.159 \left
           (\begin{array}{cccc}
I've inserted a begin-math/end-math symbol since I think
you left one out. Proceed, with fingers crossed.

! Missing $ inserted.
<inserted text> 
                $
l.165 
      
I've inserted a begin-math/end-math symbol since I think
you left one out. Proceed, with fingers crossed.

! Missing $ inserted.
<inserted text> 
                $
l.168 \left
           (\begin{array}{cccc}
I've inserted a begin-math/end-math symbol since I think
you left one out. Proceed, with fingers crossed.

[4 <./beta3.png> <./deviance.png>]
! Missing $ inserted.
<inserted text> 
                $
l.174 
      
I've inserted a begin-math/end-math symbol since I think
you left one out. Proceed, with fingers crossed.

<beta1_3.png, id=36, 719.68875pt x 677.53125pt>
File: beta1_3.png Graphic file (type png)
<use beta1_3.png>
Package pdftex.def Info: beta1_3.png  used on input line 177.
(pdftex.def)             Requested size: 251.89484pt x 237.13948pt.
File: beta2.png Graphic file (type png)
<use beta2.png>
Package pdftex.def Info: beta2.png  used on input line 178.
(pdftex.def)             Requested size: 230.28879pt x 234.50461pt.
<beta2_3.png, id=37, 719.68875pt x 677.53125pt>
File: beta2_3.png Graphic file (type png)
<use beta2_3.png>
Package pdftex.def Info: beta2_3.png  used on input line 180.
(pdftex.def)             Requested size: 251.89484pt x 237.13948pt.
<deviance_3.png, id=38, 719.68875pt x 677.53125pt>
File: deviance_3.png Graphic file (type png)
<use deviance_3.png>
Package pdftex.def Info: deviance_3.png  used on input line 181.
(pdftex.def)             Requested size: 251.89484pt x 237.13948pt.

Overfull \hbox (11.07338pt too wide) in paragraph at lines 180--182
[][] [] 
 []

! Missing $ inserted.
<inserted text> 
                $
l.188 
      
I've inserted a begin-math/end-math symbol since I think
you left one out. Proceed, with fingers crossed.

! Missing $ inserted.
<inserted text> 
                $
l.189 bias(b_
             {1}) = 0.135795
I've inserted a begin-math/end-math symbol since I think
you left one out. Proceed, with fingers crossed.

! Missing $ inserted.
<inserted text> 
                $
l.190 
      
I've inserted a begin-math/end-math symbol since I think
you left one out. Proceed, with fingers crossed.

! Missing $ inserted.
<inserted text> 
                $
l.191 bias(b_
             {2}) = 0.263659
I've inserted a begin-math/end-math symbol since I think
you left one out. Proceed, with fingers crossed.

! Missing $ inserted.
<inserted text> 
                $
l.192 
      
I've inserted a begin-math/end-math symbol since I think
you left one out. Proceed, with fingers crossed.

! Missing $ inserted.
<inserted text> 
                $
l.193 bias(b_
             {3}) = 0.1375891 $
I've inserted a begin-math/end-math symbol since I think
you left one out. Proceed, with fingers crossed.

Runaway argument?
! Paragraph ended before / was complete.
<to be read again> 
                   \par 
l.196 
      
I suspect you've forgotten a `}', causing me to apply this
control sequence to too much text. How can we recover?
My plan is to forget the whole thing and hope for the best.

! Missing $ inserted.
<inserted text> 
                $
l.196 
      
I've inserted a begin-math/end-math symbol since I think
you left one out. Proceed, with fingers crossed.

[5 <./beta1_3.png> <./beta2_3.png> <./deviance_3.png>]
! Missing $ inserted.
<inserted text> 
                $
l.202 \left
           (\begin{array}{cccc}
I've inserted a begin-math/end-math symbol since I think
you left one out. Proceed, with fingers crossed.

! Missing $ inserted.
<inserted text> 
                $
l.208 
      
I've inserted a begin-math/end-math symbol since I think
you left one out. Proceed, with fingers crossed.

! Missing $ inserted.
<inserted text> 
                $
l.235 \left
           (\begin{array}{cccc}
I've inserted a begin-math/end-math symbol since I think
you left one out. Proceed, with fingers crossed.

! Missing $ inserted.
<inserted text> 
                $
l.241 
      
I've inserted a begin-math/end-math symbol since I think
you left one out. Proceed, with fingers crossed.

! Missing $ inserted.
<inserted text> 
                $
l.244 \left
           (\begin{array}{cccc}
I've inserted a begin-math/end-math symbol since I think
you left one out. Proceed, with fingers crossed.

! Missing $ inserted.
<inserted text> 
                $
l.250 
      
I've inserted a begin-math/end-math symbol since I think
you left one out. Proceed, with fingers crossed.

<beta42_1.png, id=45, 719.68875pt x 677.53125pt>
File: beta42_1.png Graphic file (type png)
<use beta42_1.png>
Package pdftex.def Info: beta42_1.png  used on input line 255.
(pdftex.def)             Requested size: 251.89484pt x 237.13948pt.
<beta42_2.png, id=46, 719.68875pt x 677.53125pt>
File: beta42_2.png Graphic file (type png)
<use beta42_2.png>
Package pdftex.def Info: beta42_2.png  used on input line 256.
(pdftex.def)             Requested size: 251.89484pt x 237.13948pt.
<beta42_3.png, id=47, 719.68875pt x 677.53125pt>
File: beta42_3.png Graphic file (type png)
<use beta42_3.png>
Package pdftex.def Info: beta42_3.png  used on input line 257.
(pdftex.def)             Requested size: 251.89484pt x 237.13948pt.
<deviance_42.png, id=48, 719.68875pt x 677.53125pt>
File: deviance_42.png Graphic file (type png)
<use deviance_42.png>
Package pdftex.def Info: deviance_42.png  used on input line 258.
(pdftex.def)             Requested size: 251.89484pt x 237.13948pt.

Overfull \hbox (11.07338pt too wide) in paragraph at lines 255--259
[][] []
 []

[6]
! Missing $ inserted.
<inserted text> 
                $
l.265 
      
I've inserted a begin-math/end-math symbol since I think
you left one out. Proceed, with fingers crossed.

! Missing $ inserted.
<inserted text> 
                $
l.266 bias(b_
             {1}) = 0.1676119
I've inserted a begin-math/end-math symbol since I think
you left one out. Proceed, with fingers crossed.

! Missing $ inserted.
<inserted text> 
                $
l.267 
      
I've inserted a begin-math/end-math symbol since I think
you left one out. Proceed, with fingers crossed.

! Missing $ inserted.
<inserted text> 
                $
l.268 bias(b_
             {2}) = 0.1608707
I've inserted a begin-math/end-math symbol since I think
you left one out. Proceed, with fingers crossed.

! Missing $ inserted.
<inserted text> 
                $
l.269 
      
I've inserted a begin-math/end-math symbol since I think
you left one out. Proceed, with fingers crossed.

! Missing $ inserted.
<inserted text> 
                $
l.270 bias(b_
             {3}) = 0.1424548 $
I've inserted a begin-math/end-math symbol since I think
you left one out. Proceed, with fingers crossed.

! Missing $ inserted.
<inserted text> 
                $
l.279 \left
           (\begin{array}{cccc}
I've inserted a begin-math/end-math symbol since I think
you left one out. Proceed, with fingers crossed.

! Missing $ inserted.
<inserted text> 
                $
l.285 
      
I've inserted a begin-math/end-math symbol since I think
you left one out. Proceed, with fingers crossed.

[7 <./beta42_1.png> <./beta42_2.png> <./beta42_3.png> <./deviance_42.png>]
! Missing $ inserted.
<inserted text> 
                $
l.296 \left
           (\begin{array}{cccc}
I've inserted a begin-math/end-math symbol since I think
you left one out. Proceed, with fingers crossed.

! Missing $ inserted.
<inserted text> 
                $
l.302 
      
I've inserted a begin-math/end-math symbol since I think
you left one out. Proceed, with fingers crossed.

! Missing $ inserted.
<inserted text> 
                $
l.305 \left
           (\begin{array}{cccc}
I've inserted a begin-math/end-math symbol since I think
you left one out. Proceed, with fingers crossed.

! Missing $ inserted.
<inserted text> 
                $
l.311 
      
I've inserted a begin-math/end-math symbol since I think
you left one out. Proceed, with fingers crossed.

<beta43_1.png, id=60, 719.68875pt x 677.53125pt>
File: beta43_1.png Graphic file (type png)
<use beta43_1.png>
Package pdftex.def Info: beta43_1.png  used on input line 326.
(pdftex.def)             Requested size: 251.89484pt x 237.13948pt.
<beta43_2.png, id=61, 719.68875pt x 677.53125pt>
File: beta43_2.png Graphic file (type png)
<use beta43_2.png>
Package pdftex.def Info: beta43_2.png  used on input line 327.
(pdftex.def)             Requested size: 251.89484pt x 237.13948pt.
<beta43_3.png, id=62, 719.68875pt x 677.53125pt>
File: beta43_3.png Graphic file (type png)
<use beta43_3.png>
Package pdftex.def Info: beta43_3.png  used on input line 328.
(pdftex.def)             Requested size: 251.89484pt x 237.13948pt.
<deviance_43.png, id=63, 719.68875pt x 677.53125pt>
File: deviance_43.png Graphic file (type png)
<use deviance_43.png>
Package pdftex.def Info: deviance_43.png  used on input line 329.
(pdftex.def)             Requested size: 251.89484pt x 237.13948pt.

Overfull \hbox (11.07338pt too wide) in paragraph at lines 326--330
[][] []
 []

[8 <./beta43_1.png> <./beta43_2.png>]
! Missing $ inserted.
<inserted text> 
                $
l.336 
      
I've inserted a begin-math/end-math symbol since I think
you left one out. Proceed, with fingers crossed.

! Missing $ inserted.
<inserted text> 
                $
l.337 bias(b_
             {1}) = 8.310843
I've inserted a begin-math/end-math symbol since I think
you left one out. Proceed, with fingers crossed.

! Missing $ inserted.
<inserted text> 
                $
l.338 
      
I've inserted a begin-math/end-math symbol since I think
you left one out. Proceed, with fingers crossed.

! Missing $ inserted.
<inserted text> 
                $
l.339 bias(b_
             {2}) = 7.262548
I've inserted a begin-math/end-math symbol since I think
you left one out. Proceed, with fingers crossed.

! Missing $ inserted.
<inserted text> 
                $
l.340 
      
I've inserted a begin-math/end-math symbol since I think
you left one out. Proceed, with fingers crossed.

! Missing $ inserted.
<inserted text> 
                $
l.341 bias(b_
             {3}) = 7.435932 $
I've inserted a begin-math/end-math symbol since I think
you left one out. Proceed, with fingers crossed.

! Missing $ inserted.
<inserted text> 
                $
l.349 \left
           (\begin{array}{cccc}
I've inserted a begin-math/end-math symbol since I think
you left one out. Proceed, with fingers crossed.

! Missing $ inserted.
<inserted text> 
                $
l.355 
      
I've inserted a begin-math/end-math symbol since I think
you left one out. Proceed, with fingers crossed.

Runaway argument?
! Paragraph ended before / was complete.
<to be read again> 
                   \par 
l.365 
      
I suspect you've forgotten a `}', causing me to apply this
control sequence to too much text. How can we recover?
My plan is to forget the whole thing and hope for the best.

! Missing $ inserted.
<inserted text> 
                $
l.365 
      
I've inserted a begin-math/end-math symbol since I think
you left one out. Proceed, with fingers crossed.

LaTeX Font Info:    Try loading font information for OT4+cmtt on input line 368
.
(/usr/share/texlive/texmf-dist/tex/latex/polski/ot4cmtt.fd
File: ot4cmtt.fd 2008/02/24 v1.2.1 Font defs for fonts PL (MW)
) [9 <./beta43_3.png> <./deviance_43.png>]
<e1.png, id=75, 719.68875pt x 677.53125pt>
File: e1.png Graphic file (type png)
<use e1.png>
Package pdftex.def Info: e1.png  used on input line 396.
(pdftex.def)             Requested size: 251.89484pt x 237.13948pt.
<e2.png, id=76, 719.68875pt x 677.53125pt>
File: e2.png Graphic file (type png)
<use e2.png>
Package pdftex.def Info: e2.png  used on input line 397.
(pdftex.def)             Requested size: 251.89484pt x 237.13948pt.
<e3.png, id=77, 719.68875pt x 677.53125pt>
File: e3.png Graphic file (type png)
<use e3.png>
Package pdftex.def Info: e3.png  used on input line 398.
(pdftex.def)             Requested size: 251.89484pt x 237.13948pt.
<e4.png, id=78, 719.68875pt x 677.53125pt>
File: e4.png Graphic file (type png)
<use e4.png>
Package pdftex.def Info: e4.png  used on input line 399.
(pdftex.def)             Requested size: 251.89484pt x 237.13948pt.

Overfull \hbox (11.07338pt too wide) in paragraph at lines 396--400
[][] []
 []

[10 <./e1.png> <./e2.png>]
Runaway argument?
! Paragraph ended before / was complete.
<to be read again> 
                   \par 
l.402 
      
I suspect you've forgotten a `}', causing me to apply this
control sequence to too much text. How can we recover?
My plan is to forget the whole thing and hope for the best.

! Missing $ inserted.
<inserted text> 
                $
l.402 
      
I've inserted a begin-math/end-math symbol since I think
you left one out. Proceed, with fingers crossed.

! Missing $ inserted.
<inserted text> 
                $
l.408 
      
I've inserted a begin-math/end-math symbol since I think
you left one out. Proceed, with fingers crossed.

! Missing $ inserted.
<inserted text> 
                $
l.409 bias(b_
             {2}) = 0.2077744
I've inserted a begin-math/end-math symbol since I think
you left one out. Proceed, with fingers crossed.

! Missing $ inserted.
<inserted text> 
                $
l.410 
      
I've inserted a begin-math/end-math symbol since I think
you left one out. Proceed, with fingers crossed.

! Missing $ inserted.
<inserted text> 
                $
l.411 bias(b_
             {3}) = 0.06367604$
I've inserted a begin-math/end-math symbol since I think
you left one out. Proceed, with fingers crossed.

! Missing $ inserted.
<inserted text> 
                $
l.420 \left
           (\begin{array}{cccc}
I've inserted a begin-math/end-math symbol since I think
you left one out. Proceed, with fingers crossed.

! Missing $ inserted.
<inserted text> 
                $
l.426 
      
I've inserted a begin-math/end-math symbol since I think
you left one out. Proceed, with fingers crossed.

! Missing $ inserted.
<inserted text> 
                $
l.436 \left
           (\begin{array}{ccccccc}
I've inserted a begin-math/end-math symbol since I think
you left one out. Proceed, with fingers crossed.

! Missing $ inserted.
<inserted text> 
                $
l.445 
      
I've inserted a begin-math/end-math symbol since I think
you left one out. Proceed, with fingers crossed.

! Missing $ inserted.
<inserted text> 
                $
l.448 \left
           (\begin{array}{ccccccc}
I've inserted a begin-math/end-math symbol since I think
you left one out. Proceed, with fingers crossed.

! Missing $ inserted.
<inserted text> 
                $
l.457 
      
I've inserted a begin-math/end-math symbol since I think
you left one out. Proceed, with fingers crossed.

[11 <./e3.png> <./e4.png>]
<521.png, id=89, 719.68875pt x 677.53125pt>
File: 521.png Graphic file (type png)
<use 521.png>
Package pdftex.def Info: 521.png  used on input line 460.
(pdftex.def)             Requested size: 251.89484pt x 237.13948pt.
<522.png, id=90, 719.68875pt x 677.53125pt>
File: 522.png Graphic file (type png)
<use 522.png>
Package pdftex.def Info: 522.png  used on input line 461.
(pdftex.def)             Requested size: 251.89484pt x 237.13948pt.
<523.png, id=91, 719.68875pt x 677.53125pt>
File: 523.png Graphic file (type png)
<use 523.png>
Package pdftex.def Info: 523.png  used on input line 462.
(pdftex.def)             Requested size: 251.89484pt x 237.13948pt.
<524.png, id=92, 719.68875pt x 677.53125pt>
File: 524.png Graphic file (type png)
<use 524.png>
Package pdftex.def Info: 524.png  used on input line 463.
(pdftex.def)             Requested size: 251.89484pt x 237.13948pt.

Overfull \hbox (11.07338pt too wide) in paragraph at lines 460--464
[][] []
 []

! Missing $ inserted.
<inserted text> 
                $
l.470 
      
I've inserted a begin-math/end-math symbol since I think
you left one out. Proceed, with fingers crossed.

! Missing $ inserted.
<inserted text> 
                $
l.471 bias(b_
             {1}) = 0.163725
I've inserted a begin-math/end-math symbol since I think
you left one out. Proceed, with fingers crossed.

! Missing $ inserted.
<inserted text> 
                $
l.472 
      
I've inserted a begin-math/end-math symbol since I think
you left one out. Proceed, with fingers crossed.

! Missing $ inserted.
<inserted text> 
                $
l.473 bias(b_
             {2}) = 0.2955454
I've inserted a begin-math/end-math symbol since I think
you left one out. Proceed, with fingers crossed.

! Missing $ inserted.
<inserted text> 
                $
l.474 
      
I've inserted a begin-math/end-math symbol since I think
you left one out. Proceed, with fingers crossed.

! Missing $ inserted.
<inserted text> 
                $
l.475 bias(b_
             {3}) = 0.3109781$
I've inserted a begin-math/end-math symbol since I think
you left one out. Proceed, with fingers crossed.

! Missing $ inserted.
<inserted text> 
                $
l.482 \left
           (\begin{array}{ccccccc}
I've inserted a begin-math/end-math symbol since I think
you left one out. Proceed, with fingers crossed.

[12 <./521.png> <./522.png> <./523.png> <./524.png>]
! Missing $ inserted.
<inserted text> 
                $
l.491 
      
I've inserted a begin-math/end-math symbol since I think
you left one out. Proceed, with fingers crossed.


Overfull \hbox (23.51463pt too wide) in paragraph at lines 482--491
[]$[]$ 
 []

! Missing $ inserted.
<inserted text> 
                $
l.497 \left
           (\begin{array}{ccccccc}
I've inserted a begin-math/end-math symbol since I think
you left one out. Proceed, with fingers crossed.

! Missing $ inserted.
<inserted text> 
                $
l.506 
      
I've inserted a begin-math/end-math symbol since I think
you left one out. Proceed, with fingers crossed.


Overfull \hbox (34.46465pt too wide) in paragraph at lines 497--506
[]$[]$ 
 []

! Missing $ inserted.
<inserted text> 
                $
l.509 \left
           (\begin{array}{ccccccc}
I've inserted a begin-math/end-math symbol since I think
you left one out. Proceed, with fingers crossed.

! Missing $ inserted.
<inserted text> 
                $
l.518 
      
I've inserted a begin-math/end-math symbol since I think
you left one out. Proceed, with fingers crossed.

<531.png, id=101, 719.68875pt x 677.53125pt>
File: 531.png Graphic file (type png)
<use 531.png>
Package pdftex.def Info: 531.png  used on input line 521.
(pdftex.def)             Requested size: 251.89484pt x 237.13948pt.
<532.png, id=102, 719.68875pt x 677.53125pt>
File: 532.png Graphic file (type png)
<use 532.png>
Package pdftex.def Info: 532.png  used on input line 522.
(pdftex.def)             Requested size: 251.89484pt x 237.13948pt.
<533.png, id=103, 719.68875pt x 677.53125pt>
File: 533.png Graphic file (type png)
<use 533.png>
Package pdftex.def Info: 533.png  used on input line 523.
(pdftex.def)             Requested size: 251.89484pt x 237.13948pt.
<534.png, id=104, 719.68875pt x 677.53125pt>
File: 534.png Graphic file (type png)
<use 534.png>
Package pdftex.def Info: 534.png  used on input line 524.
(pdftex.def)             Requested size: 251.89484pt x 237.13948pt.

Overfull \hbox (11.07338pt too wide) in paragraph at lines 521--525
[][] []
 []

[13 <./531.png> <./532.png>]
! Missing $ inserted.
<inserted text> 
                $
l.530 
      
I've inserted a begin-math/end-math symbol since I think
you left one out. Proceed, with fingers crossed.

! Missing $ inserted.
<inserted text> 
                $
l.531 bias(b_
             {1}) = 1.119492
I've inserted a begin-math/end-math symbol since I think
you left one out. Proceed, with fingers crossed.

! Missing $ inserted.
<inserted text> 
                $
l.532 
      
I've inserted a begin-math/end-math symbol since I think
you left one out. Proceed, with fingers crossed.

! Missing $ inserted.
<inserted text> 
                $
l.533 bias(b_
             {2}) = 1.329651
I've inserted a begin-math/end-math symbol since I think
you left one out. Proceed, with fingers crossed.

! Missing $ inserted.
<inserted text> 
                $
l.534 
      
I've inserted a begin-math/end-math symbol since I think
you left one out. Proceed, with fingers crossed.

! Missing $ inserted.
<inserted text> 
                $
l.535 bias(b_
             {3}) = 0.9156808 $
I've inserted a begin-math/end-math symbol since I think
you left one out. Proceed, with fingers crossed.

! Missing $ inserted.
<inserted text> 
                $
l.542 \left
           (\begin{array}{ccccccc}
I've inserted a begin-math/end-math symbol since I think
you left one out. Proceed, with fingers crossed.

! Missing $ inserted.
<inserted text> 
                $
l.551 
      
I've inserted a begin-math/end-math symbol since I think
you left one out. Proceed, with fingers crossed.

[14 <./533.png> <./534.png>] (./raport.aux) ) 
Here is how much of TeX's memory you used:
 2919 strings out of 494847
 39102 string characters out of 6178850
 108605 words of memory out of 5000000
 6144 multiletter control sequences out of 15000+600000
 14191 words of font info for 47 fonts, out of 8000000 for 9000
 56 hyphenation exceptions out of 8191
 41i,10n,26p,440b,226s stack positions out of 5000i,500n,10000p,200000b,80000s
{/usr/share/texlive/texmf-dist/fon
ts/enc/dvips/pl/pltt.enc}{/usr/share/texlive/texmf-dist/fonts/enc/dvips/pl/plit
.enc}{/usr/share/texlive/texmf-dist/fonts/enc/dvips/pl/plmi.enc}{/usr/share/tex
live/texmf-dist/fonts/enc/dvips/pl/plms.enc}{/usr/share/texlive/texmf-dist/font
s/enc/dvips/pl/plrm.enc}{/usr/share/texlive/texmf-dist/fonts/enc/dvips/pl/plme.
enc}</usr/share/texlive/texmf-dist/fonts/type1/public/amsfonts/symbols/msbm10.p
fb></usr/share/texlive/texmf-dist/fonts/type1/public/pl/plbx10.pfb></usr/share/
texlive/texmf-dist/fonts/type1/public/pl/plbx12.pfb></usr/share/texlive/texmf-d
ist/fonts/type1/public/pl/plex10.pfb></usr/share/texlive/texmf-dist/fonts/type1
/public/pl/plmi10.pfb></usr/share/texlive/texmf-dist/fonts/type1/public/pl/plmi
6.pfb></usr/share/texlive/texmf-dist/fonts/type1/public/pl/plmi8.pfb></usr/shar
e/texlive/texmf-dist/fonts/type1/public/pl/plr10.pfb></usr/share/texlive/texmf-
dist/fonts/type1/public/pl/plr12.pfb></usr/share/texlive/texmf-dist/fonts/type1
/public/pl/plr17.pfb></usr/share/texlive/texmf-dist/fonts/type1/public/pl/plr8.
pfb></usr/share/texlive/texmf-dist/fonts/type1/public/pl/plsy10.pfb></usr/share
/texlive/texmf-dist/fonts/type1/public/pl/plsy8.pfb></usr/share/texlive/texmf-d
ist/fonts/type1/public/pl/plti10.pfb></usr/share/texlive/texmf-dist/fonts/type1
/public/pl/pltt10.pfb>
Output written on raport.pdf (14 pages, 444732 bytes).
PDF statistics:
 170 PDF objects out of 1000 (max. 8388607)
 84 compressed objects within 1 object stream
 0 named destinations out of 1000 (max. 500000)
 136 words of extra memory for PDF output out of 10000 (max. 10000000)

